<?xml version="1.0" encoding="UTF-8"?>
<!-- Generated by org.testng.reporters.JUnitReportReporter -->
<testsuite hostname="DESKTOP-EKH1QUK" failures="0" tests="3" name="day1.Httprequest" time="3.895" errors="0" timestamp="2023-05-16T11:57:59 CDT" skipped="0">
  <testcase classname="day1.Httprequest" name="listusers" time="2.701"/>
  <system-out/>
  <testcase classname="day1.Httprequest" name="createuser" time="0.857"/>
  <system-out/>
  <testcase classname="day1.Httprequest" name="updateuser" time="0.337"/>
  <system-out/>
</testsuite> <!-- day1.Httprequest -->
