<?xml version="1.0" encoding="UTF-8"?>
<!-- Generated by org.testng.reporters.JUnitReportReporter -->
<testsuite hostname="DESKTOP-EKH1QUK" failures="0" tests="4" name="test.UserTests" time="4.513" errors="0" timestamp="2023-06-03T17:23:15 CDT" skipped="0">
  <testcase classname="test.UserTests" name="testPostUser" time="2.682"/>
  <system-out/>
  <testcase classname="test.UserTests" name="testGetUserByName" time="0.356"/>
  <system-out/>
  <testcase classname="test.UserTests" name="testUpdateUserByName" time="1.012"/>
  <system-out/>
  <testcase classname="test.UserTests" name="testDeleteUserByName" time="0.463"/>
  <system-out/>
</testsuite> <!-- test.UserTests -->
